<?xml version="1.0" encoding="UTF-8"?>
<!-- Generated by org.testng.reporters.JUnitXMLReporter -->
<testsuite ignored="0" hostname="LTIN166548" failures="0" tests="7" name="Test" time="119.203" errors="0" timestamp="2024-03-05T12:16:20 IST">
  <testcase classname="testCase.TestCase" name="search_functionality" time="49.053"/>
  <testcase classname="testCase.TestCase" name="filter_functionality" time="4.756"/>
  <testcase classname="testCase.TestCase" name="check_sortfuction" time="1.562"/>
  <testcase classname="testCase.TestCase" name="check_and_print" time="1.055"/>
  <testcase classname="testCase.TestCase2" name="submenu_printcheck" time="7.313"/>
  <testcase classname="testCase.TestCase3" name="choose_giftcard_validate" time="12.958"/>
  <testcase classname="testCase.TestCase3" name="checkout_validation" time="1.363"/>
</testsuite> <!-- Test -->
