<?xml version="1.0" encoding="UTF-8"?>
<testng-results ignored="0" total="7" passed="7" failed="0" skipped="0">
  <reporter-output>
  </reporter-output>
  <suite started-at="2024-03-05T12:14:20 IST" name="Suite" finished-at="2024-03-05T12:16:20 IST" duration-ms="119203">
    <groups>
      <group name="smoke">
        <method signature="TestCase.check_sortfuction()[pri:2, instance:testCase.TestCase@7b36aa0c]" name="check_sortfuction" class="testCase.TestCase"/>
        <method signature="TestCase.filter_functionality()[pri:1, instance:testCase.TestCase@7b36aa0c]" name="filter_functionality" class="testCase.TestCase"/>
        <method signature="TestCase.search_functionality()[pri:0, instance:testCase.TestCase@7b36aa0c]" name="search_functionality" class="testCase.TestCase"/>
        <method signature="TestCase2.submenu_printcheck()[pri:0, instance:testCase.TestCase2@1e0b4072]" name="submenu_printcheck" class="testCase.TestCase2"/>
        <method signature="TestCase3.checkout_validation()[pri:1, instance:testCase.TestCase3@791f145a]" name="checkout_validation" class="testCase.TestCase3"/>
        <method signature="TestCase3.choose_giftcard_validate()[pri:0, instance:testCase.TestCase3@791f145a]" name="choose_giftcard_validate" class="testCase.TestCase3"/>
      </group> <!-- smoke -->
      <group name="sanity">
        <method signature="TestCase.check_and_print()[pri:3, instance:testCase.TestCase@7b36aa0c]" name="check_and_print" class="testCase.TestCase"/>
      </group> <!-- sanity -->
    </groups>
    <test started-at="2024-03-05T12:14:20 IST" name="Test" finished-at="2024-03-05T12:16:20 IST" duration-ms="119203">
      <class name="testCase.TestCase3">
        <test-method is-config="true" signature="driverSetup(java.lang.String)[pri:0, instance:testCase.TestCase3@791f145a]" started-at="2024-03-05T12:15:58 IST" name="driverSetup" finished-at="2024-03-05T12:16:04 IST" duration-ms="6011" status="PASS">
          <params>
            <param index="0">
              <value>
                <![CDATA[chrome]]>
              </value>
            </param>
          </params>
          <reporter-output>
          </reporter-output>
        </test-method> <!-- driverSetup -->
        <test-method signature="choose_giftcard_validate()[pri:0, instance:testCase.TestCase3@791f145a]" started-at="2024-03-05T12:16:04 IST" name="choose_giftcard_validate" finished-at="2024-03-05T12:16:17 IST" duration-ms="12958" status="PASS">
          <reporter-output>
          </reporter-output>
        </test-method> <!-- choose_giftcard_validate -->
        <test-method signature="checkout_validation()[pri:1, instance:testCase.TestCase3@791f145a]" started-at="2024-03-05T12:16:17 IST" name="checkout_validation" finished-at="2024-03-05T12:16:18 IST" duration-ms="1363" status="PASS">
          <reporter-output>
          </reporter-output>
        </test-method> <!-- checkout_validation -->
        <test-method is-config="true" signature="closeBrowser()[pri:0, instance:testCase.TestCase3@791f145a]" started-at="2024-03-05T12:16:18 IST" name="closeBrowser" finished-at="2024-03-05T12:16:20 IST" duration-ms="1126" status="PASS">
          <reporter-output>
          </reporter-output>
        </test-method> <!-- closeBrowser -->
      </class> <!-- testCase.TestCase3 -->
      <class name="testCase.TestCase2">
        <test-method is-config="true" signature="driverSetup(java.lang.String)[pri:0, instance:testCase.TestCase2@1e0b4072]" started-at="2024-03-05T12:15:42 IST" name="driverSetup" finished-at="2024-03-05T12:15:49 IST" duration-ms="7126" status="PASS">
          <params>
            <param index="0">
              <value>
                <![CDATA[chrome]]>
              </value>
            </param>
          </params>
          <reporter-output>
          </reporter-output>
        </test-method> <!-- driverSetup -->
        <test-method signature="submenu_printcheck()[pri:0, instance:testCase.TestCase2@1e0b4072]" started-at="2024-03-05T12:15:49 IST" name="submenu_printcheck" finished-at="2024-03-05T12:15:56 IST" duration-ms="7313" status="PASS">
          <reporter-output>
          </reporter-output>
        </test-method> <!-- submenu_printcheck -->
        <test-method is-config="true" signature="closeBrowser()[pri:0, instance:testCase.TestCase2@1e0b4072]" started-at="2024-03-05T12:15:56 IST" name="closeBrowser" finished-at="2024-03-05T12:15:58 IST" duration-ms="1266" status="PASS">
          <reporter-output>
          </reporter-output>
        </test-method> <!-- closeBrowser -->
      </class> <!-- testCase.TestCase2 -->
      <class name="testCase.TestCase">
        <test-method is-config="true" signature="driverSetup(java.lang.String)[pri:0, instance:testCase.TestCase@7b36aa0c]" started-at="2024-03-05T12:14:21 IST" name="driverSetup" finished-at="2024-03-05T12:14:43 IST" duration-ms="22250" status="PASS">
          <params>
            <param index="0">
              <value>
                <![CDATA[chrome]]>
              </value>
            </param>
          </params>
          <reporter-output>
          </reporter-output>
        </test-method> <!-- driverSetup -->
        <test-method signature="search_functionality()[pri:0, instance:testCase.TestCase@7b36aa0c]" started-at="2024-03-05T12:14:43 IST" name="search_functionality" finished-at="2024-03-05T12:15:32 IST" duration-ms="49053" status="PASS">
          <reporter-output>
          </reporter-output>
        </test-method> <!-- search_functionality -->
        <test-method signature="filter_functionality()[pri:1, instance:testCase.TestCase@7b36aa0c]" started-at="2024-03-05T12:15:32 IST" name="filter_functionality" finished-at="2024-03-05T12:15:37 IST" duration-ms="4756" status="PASS">
          <reporter-output>
          </reporter-output>
        </test-method> <!-- filter_functionality -->
        <test-method signature="check_sortfuction()[pri:2, instance:testCase.TestCase@7b36aa0c]" started-at="2024-03-05T12:15:37 IST" name="check_sortfuction" finished-at="2024-03-05T12:15:39 IST" duration-ms="1562" status="PASS">
          <reporter-output>
          </reporter-output>
        </test-method> <!-- check_sortfuction -->
        <test-method signature="check_and_print()[pri:3, instance:testCase.TestCase@7b36aa0c]" started-at="2024-03-05T12:15:39 IST" name="check_and_print" finished-at="2024-03-05T12:15:40 IST" duration-ms="1055" status="PASS">
          <reporter-output>
          </reporter-output>
        </test-method> <!-- check_and_print -->
        <test-method is-config="true" signature="closeBrowser()[pri:0, instance:testCase.TestCase@7b36aa0c]" started-at="2024-03-05T12:15:40 IST" name="closeBrowser" finished-at="2024-03-05T12:15:42 IST" duration-ms="1368" status="PASS">
          <reporter-output>
          </reporter-output>
        </test-method> <!-- closeBrowser -->
      </class> <!-- testCase.TestCase -->
    </test> <!-- Test -->
  </suite> <!-- Suite -->
</testng-results>
